[2019-09-03 19:08:42] slim4-skeleton.DEBUG: Hello "slim" [] []
[2019-09-03 19:08:46] slim4-skeleton.DEBUG: Hello "slim" [] []
[2019-09-03 19:08:48] slim4-skeleton.DEBUG: Hello "slim" [] []
[2019-09-03 19:08:49] slim4-skeleton.DEBUG: Hello "slim" [] []
[2019-09-03 19:08:56] slim4-skeleton.DEBUG: Hello "slim" [] []
[2019-09-03 19:08:58] slim4-skeleton.DEBUG: Hello "slimas" [] []
[2019-09-03 19:09:50] slim4-skeleton.DEBUG: Hello "slimas" [] []
[2019-09-03 19:10:03] slim4-skeleton.DEBUG: Hello "slimas" [] []
[2019-09-03 19:10:12] slim4-skeleton.DEBUG: Hello "hl" [] []
[2019-09-03 19:10:32] slim4-skeleton.DEBUG: Hello "hl" [] []
[2019-09-03 19:10:33] slim4-skeleton.DEBUG: Hello "hl" [] []
[2019-09-03 19:10:34] slim4-skeleton.DEBUG: Hello "hl" [] []
[2019-09-03 19:10:34] slim4-skeleton.DEBUG: Hello "hl" [] []
[2019-09-03 19:10:35] slim4-skeleton.DEBUG: Hello "hl" [] []
[2019-09-03 19:10:35] slim4-skeleton.DEBUG: Hello "hl" [] []
[2019-09-03 19:10:43] slim4-skeleton.DEBUG: Hello "hl" [] []
[2019-09-03 19:13:28] slim4-skeleton.DEBUG: Hello "hl" [] []
[2019-09-03 19:13:44] slim4-skeleton.DEBUG: Hello "hl" [] []
[2019-09-03 19:13:45] slim4-skeleton.DEBUG: Hello "hl" [] []
[2019-09-03 19:13:46] slim4-skeleton.DEBUG: Hello "hl" [] []
[2019-09-03 19:14:10] slim4-skeleton.DEBUG: Hello "hl" [] []
[2019-09-03 19:14:56] slim4-skeleton.DEBUG: Hello "hl" [] []
[2019-09-03 19:15:04] slim4-skeleton.DEBUG: Hello "hl" [] []
[2019-09-03 19:15:05] slim4-skeleton.DEBUG: Hello "hl" [] []
[2019-09-03 19:15:37] slim4-skeleton.DEBUG: Hello "hl" [] []
[2019-09-03 19:16:51] slim4-skeleton.DEBUG: Hello "hl" [] []
[2019-09-03 19:22:40] slim4-skeleton.DEBUG: Hello "Slim" [] []
[2019-09-03 19:36:13] slim4-skeleton.DEBUG: Hello "lol" [] []
